<md:EntityDescriptor xmlns:md="urn:oasis:names:tc:SAML:2.0:metadata" entityID="https://yourhost.example.com:8443/protected/saml?o=B"><md:IDPSSODescriptor WantAuthnRequestsSigned="1" errorURL="https://yourhost.example.com:8443/protected/saml?o=E" protocolSupportEnumeration="urn:oasis:names:tc:SAML:2.0:protocol"><md:KeyDescriptor use="encryption"><ds:KeyInfo xmlns:ds="http://www.w3.org/2000/09/xmldsig#"><ds:X509Data><ds:X509Certificate>MIIEUzCCAzugAwIBAgIEYeafuzANBgkqhkiG9w0BAQsFADCBvDEdMBsGCSqGSIb3
DQEJARYOeW91ckBlbWFpbC5jb20xHTAbBgNVBAMTFHlvdXJob3N0LmV4YW1wbGUu
Y29tMSAwHgYDVQQLFBdTU08gRGVwdCBaWElEIEF1dG8tQ2VydDErMCkGA1UEChQi
VW5zcGVjaWZpZWQgT1JHX05BTUUgY29uZiB2YXJpYWJsZTEPMA0GA1UEBxQGTGlz
Ym9hMQ8wDQYDVQQIFAZMaXNib2ExCzAJBgNVBAYUAlBUMB4XDTcwMDEwMTAwMDAw
MFoXDTM4MDExOTAzMTQwN1owgbwxHTAbBgkqhkiG9w0BCQEWDnlvdXJAZW1haWwu
Y29tMR0wGwYDVQQDExR5b3VyaG9zdC5leGFtcGxlLmNvbTEgMB4GA1UECxQXU1NP
IERlcHQgWlhJRCBBdXRvLUNlcnQxKzApBgNVBAoUIlVuc3BlY2lmaWVkIE9SR19O
QU1FIGNvbmYgdmFyaWFibGUxDzANBgNVBAcUBkxpc2JvYTEPMA0GA1UECBQGTGlz
Ym9hMQswCQYDVQQGFAJQVDCCASIwDQYJKoZIhvcNAQEBBQADggEPADCCAQoCggEB
AKea5aWUY1IyPaLhQ8P0ohNaya9brbwgZ/qcKUFPYDmI6bQYP66ybU3TNatdMlTA
glv1GN6hDRxswQA69lqzGgEpU7QkqOIFAcGIW2hk5zkSnHXAa0veOV7qYJSeCLIZ
L48XmX1MkEtLvFCDXQNRNJttOyFzd5W7GZgNTeDbGIm5QBOSzE9vspfvlgg3Q61i
M0EWjLhaql93wxgED1eoz7MwBjtadj7Lcs6aKBtBPVeyHLb0qeYsAo6uBgiE0zYt
a1kJ3lt9hVKMh1WK15uyiMZ0Ha0yOUDDKh/aI6cVc8ctV3ixvN7Ft8qQFhykUpUI
Ks3cEp0rwkxMpRTAOlLuFIECAwEAAaNbMFkwDwYDVR0TBAgwBgEB/wIBAzARBglg
hkgBhvhCAQEEBAMCAPcwCwYDVR0PBAQDAgH+MCYGCWCGSAGG+EIBDQQZFhdBdXRv
LUNlcnQsIHNlZSB6eGlkLm9yZzANBgkqhkiG9w0BAQsFAAOCAQEAdsEi/6N4QeSq
iIg+YT0a8foiakRJCPXmxQaFvqK8s/66Xz76fADMsEPoIa2oW3vcfk/kd+qIx02o
4mhks3nD29G33Dh2/Vl4uvLp18oYFQgwMr23SbmVBK2Abo2QvQlHnuFA86ZksN/b
xq/sADr3QIHTdekA5bngCSV15IiflXN4RqLC771nDv+2X6bQJhId7XFNNEGyqw0H
yOdDdtP0LqfjVUTOGEkasmS6CT/1n+PXpdzYtJFD4TCs7GMqoD5jD6rJMOfftnwh
qfa9QmzXirrewHKnucIGef4OpTnNLOc15GckUNkkCOgxkjXxpeTRn5JKYLJpnEDP
vO4MddrKpg==
</ds:X509Certificate></ds:X509Data></ds:KeyInfo></md:KeyDescriptor><md:KeyDescriptor use="signing"><ds:KeyInfo xmlns:ds="http://www.w3.org/2000/09/xmldsig#"><ds:X509Data><ds:X509Certificate>MIIEczCCA1ugAwIBAgIEanEylDANBgkqhkiG9w0BAQsFADCBzDFMMEoGA1UEAxND
c3AxLnBsZWFzZS1zZXQtQlVSTC1jb25mLXZhcmlhYmxlLXRvLXNvbWUtdXNlZnVs
LXNpdGUtZGVwLXZhbHVlLm9yZzEgMB4GA1UECxQXU1NPIERlcHQgWlhJRCBBdXRv
LUNlcnQxKzApBgNVBAoUIlVuc3BlY2lmaWVkIE9SR19OQU1FIGNvbmYgdmFyaWFi
bGUxDzANBgNVBAcUBkxpc2JvYTEPMA0GA1UECBQGTGlzYm9hMQswCQYDVQQGFAJQ
VDAeFw03MDAxMDEwMDAwMDBaFw0zODAxMTkwMzE0MDdaMIHMMUwwSgYDVQQDE0Nz
cDEucGxlYXNlLXNldC1CVVJMLWNvbmYtdmFyaWFibGUtdG8tc29tZS11c2VmdWwt
c2l0ZS1kZXAtdmFsdWUub3JnMSAwHgYDVQQLFBdTU08gRGVwdCBaWElEIEF1dG8t
Q2VydDErMCkGA1UEChQiVW5zcGVjaWZpZWQgT1JHX05BTUUgY29uZiB2YXJpYWJs
ZTEPMA0GA1UEBxQGTGlzYm9hMQ8wDQYDVQQIFAZMaXNib2ExCzAJBgNVBAYUAlBU
MIIBIjANBgkqhkiG9w0BAQEFAAOCAQ8AMIIBCgKCAQEAvcAxVI0EXsIUOGaoxy8y
OX+Dagt2xXWbtj7+DbtVMUXR/hKM4cB7HzDBID4XjZJ/7C0+vegMNDw4FWYj49HS
emzMdsUnWmVvatEA2UMw/H8Zt9J2EK5yF46a1lY3/HcXsgB8IelpSljmEToegJdW
0YrPEX5V+6xTdlIqOv50RP8cjIzNi4/iHAWFiw6DWr2KalwPqMT5JLqdACxHzj8z
Uyy48uKvmgVdRthWcRvfp9A3LMuR7JKW/UeRelB/os5rxUYHGAMtxyJx65Drlgmh
okQmVbw9T97OPA4qCSMZjWnE4daTG6R8KG0/W/Vvcx/PwKhoDBtVu8yon6IBAhyp
UQIDAQABo1swWTAPBgNVHRMECDAGAQH/AgEDMBEGCWCGSAGG+EIBAQQEAwIA9zAL
BgNVHQ8EBAMCAf4wJgYJYIZIAYb4QgENBBkWF0F1dG8tQ2VydCwgc2VlIHp4aWQu
b3JnMA0GCSqGSIb3DQEBCwUAA4IBAQCfeGq6qIN8s5NSAFqTNXmO3oo2WcDi3U6d
nXBN+GygchAhvypQZO8tN/BZ1JZsm7l9qUEmrUVFfY4n1/+ZnP2oqJhfq2cCTGde
GbCYLOVVduHqgzQ7UesxBHT8DvPxyHj0QzgBoopOliijrf/byifO95iBXf/j/P1/
zlnJi7RPfStVc9NGZdsIc2purPWSrOrDjCZSY1wSxUM80+a4lgEXvFAY1hLOZe6N
sO6OHCWM0xgBHCCHq3Q8aVUlaHrkzVGPtxkdPO2hZ7BREiLDX/zd8gcwVVWg4jGi
2TLkRDmfp1WIgXzlWXpAeM2xJj8fPoqh8D0uocAkiH2w/+L2KUjC
</ds:X509Certificate></ds:X509Data></ds:KeyInfo></md:KeyDescriptor><md:SingleLogoutService Binding="urn:oasis:names:tc:SAML:2.0:bindings:HTTP-Redirect" Location="https://yourhost.example.com:8443/protected/saml?o=Q" ResponseLocation="https://yourhost.example.com:8443/protected/saml?o=Q"/><md:SingleLogoutService Binding="urn:oasis:names:tc:SAML:2.0:bindings:SOAP" Location="https://yourhost.example.com:8443/protected/saml?o=S"/><md:NameIDFormat>urn:oasis:names:tc:SAML:2.0:nameid-format:persistent</md:NameIDFormat><md:NameIDFormat>urn:oasis:names:tc:SAML:2.0:nameid-format:transient</md:NameIDFormat><md:SingleSignOnService Binding="urn:oasis:names:tc:SAML:2.0:bindings:HTTP-Redirect" Location="https://yourhost.example.com:8443/protected/saml?o=F"/><md:SingleSignOnService Binding="urn:zxid:OAUTH:2.0:bindings:HTTP-Redirect" Location="https://yourhost.example.com:8443/protected/saml?o=F"/></md:IDPSSODescriptor><md:SPSSODescriptor AuthnRequestsSigned="1" WantAssertionsSigned="1" errorURL="https://yourhost.example.com:8443/protected/saml?o=E" protocolSupportEnumeration="urn:oasis:names:tc:SAML:2.0:protocol"><md:KeyDescriptor use="encryption"><ds:KeyInfo xmlns:ds="http://www.w3.org/2000/09/xmldsig#"><ds:X509Data><ds:X509Certificate>MIIEUzCCAzugAwIBAgIEYeafuzANBgkqhkiG9w0BAQsFADCBvDEdMBsGCSqGSIb3
DQEJARYOeW91ckBlbWFpbC5jb20xHTAbBgNVBAMTFHlvdXJob3N0LmV4YW1wbGUu
Y29tMSAwHgYDVQQLFBdTU08gRGVwdCBaWElEIEF1dG8tQ2VydDErMCkGA1UEChQi
VW5zcGVjaWZpZWQgT1JHX05BTUUgY29uZiB2YXJpYWJsZTEPMA0GA1UEBxQGTGlz
Ym9hMQ8wDQYDVQQIFAZMaXNib2ExCzAJBgNVBAYUAlBUMB4XDTcwMDEwMTAwMDAw
MFoXDTM4MDExOTAzMTQwN1owgbwxHTAbBgkqhkiG9w0BCQEWDnlvdXJAZW1haWwu
Y29tMR0wGwYDVQQDExR5b3VyaG9zdC5leGFtcGxlLmNvbTEgMB4GA1UECxQXU1NP
IERlcHQgWlhJRCBBdXRvLUNlcnQxKzApBgNVBAoUIlVuc3BlY2lmaWVkIE9SR19O
QU1FIGNvbmYgdmFyaWFibGUxDzANBgNVBAcUBkxpc2JvYTEPMA0GA1UECBQGTGlz
Ym9hMQswCQYDVQQGFAJQVDCCASIwDQYJKoZIhvcNAQEBBQADggEPADCCAQoCggEB
AKea5aWUY1IyPaLhQ8P0ohNaya9brbwgZ/qcKUFPYDmI6bQYP66ybU3TNatdMlTA
glv1GN6hDRxswQA69lqzGgEpU7QkqOIFAcGIW2hk5zkSnHXAa0veOV7qYJSeCLIZ
L48XmX1MkEtLvFCDXQNRNJttOyFzd5W7GZgNTeDbGIm5QBOSzE9vspfvlgg3Q61i
M0EWjLhaql93wxgED1eoz7MwBjtadj7Lcs6aKBtBPVeyHLb0qeYsAo6uBgiE0zYt
a1kJ3lt9hVKMh1WK15uyiMZ0Ha0yOUDDKh/aI6cVc8ctV3ixvN7Ft8qQFhykUpUI
Ks3cEp0rwkxMpRTAOlLuFIECAwEAAaNbMFkwDwYDVR0TBAgwBgEB/wIBAzARBglg
hkgBhvhCAQEEBAMCAPcwCwYDVR0PBAQDAgH+MCYGCWCGSAGG+EIBDQQZFhdBdXRv
LUNlcnQsIHNlZSB6eGlkLm9yZzANBgkqhkiG9w0BAQsFAAOCAQEAdsEi/6N4QeSq
iIg+YT0a8foiakRJCPXmxQaFvqK8s/66Xz76fADMsEPoIa2oW3vcfk/kd+qIx02o
4mhks3nD29G33Dh2/Vl4uvLp18oYFQgwMr23SbmVBK2Abo2QvQlHnuFA86ZksN/b
xq/sADr3QIHTdekA5bngCSV15IiflXN4RqLC771nDv+2X6bQJhId7XFNNEGyqw0H
yOdDdtP0LqfjVUTOGEkasmS6CT/1n+PXpdzYtJFD4TCs7GMqoD5jD6rJMOfftnwh
qfa9QmzXirrewHKnucIGef4OpTnNLOc15GckUNkkCOgxkjXxpeTRn5JKYLJpnEDP
vO4MddrKpg==
</ds:X509Certificate></ds:X509Data></ds:KeyInfo></md:KeyDescriptor><md:KeyDescriptor use="signing"><ds:KeyInfo xmlns:ds="http://www.w3.org/2000/09/xmldsig#"><ds:X509Data><ds:X509Certificate>MIIEczCCA1ugAwIBAgIEanEylDANBgkqhkiG9w0BAQsFADCBzDFMMEoGA1UEAxND
c3AxLnBsZWFzZS1zZXQtQlVSTC1jb25mLXZhcmlhYmxlLXRvLXNvbWUtdXNlZnVs
LXNpdGUtZGVwLXZhbHVlLm9yZzEgMB4GA1UECxQXU1NPIERlcHQgWlhJRCBBdXRv
LUNlcnQxKzApBgNVBAoUIlVuc3BlY2lmaWVkIE9SR19OQU1FIGNvbmYgdmFyaWFi
bGUxDzANBgNVBAcUBkxpc2JvYTEPMA0GA1UECBQGTGlzYm9hMQswCQYDVQQGFAJQ
VDAeFw03MDAxMDEwMDAwMDBaFw0zODAxMTkwMzE0MDdaMIHMMUwwSgYDVQQDE0Nz
cDEucGxlYXNlLXNldC1CVVJMLWNvbmYtdmFyaWFibGUtdG8tc29tZS11c2VmdWwt
c2l0ZS1kZXAtdmFsdWUub3JnMSAwHgYDVQQLFBdTU08gRGVwdCBaWElEIEF1dG8t
Q2VydDErMCkGA1UEChQiVW5zcGVjaWZpZWQgT1JHX05BTUUgY29uZiB2YXJpYWJs
ZTEPMA0GA1UEBxQGTGlzYm9hMQ8wDQYDVQQIFAZMaXNib2ExCzAJBgNVBAYUAlBU
MIIBIjANBgkqhkiG9w0BAQEFAAOCAQ8AMIIBCgKCAQEAvcAxVI0EXsIUOGaoxy8y
OX+Dagt2xXWbtj7+DbtVMUXR/hKM4cB7HzDBID4XjZJ/7C0+vegMNDw4FWYj49HS
emzMdsUnWmVvatEA2UMw/H8Zt9J2EK5yF46a1lY3/HcXsgB8IelpSljmEToegJdW
0YrPEX5V+6xTdlIqOv50RP8cjIzNi4/iHAWFiw6DWr2KalwPqMT5JLqdACxHzj8z
Uyy48uKvmgVdRthWcRvfp9A3LMuR7JKW/UeRelB/os5rxUYHGAMtxyJx65Drlgmh
okQmVbw9T97OPA4qCSMZjWnE4daTG6R8KG0/W/Vvcx/PwKhoDBtVu8yon6IBAhyp
UQIDAQABo1swWTAPBgNVHRMECDAGAQH/AgEDMBEGCWCGSAGG+EIBAQQEAwIA9zAL
BgNVHQ8EBAMCAf4wJgYJYIZIAYb4QgENBBkWF0F1dG8tQ2VydCwgc2VlIHp4aWQu
b3JnMA0GCSqGSIb3DQEBCwUAA4IBAQCfeGq6qIN8s5NSAFqTNXmO3oo2WcDi3U6d
nXBN+GygchAhvypQZO8tN/BZ1JZsm7l9qUEmrUVFfY4n1/+ZnP2oqJhfq2cCTGde
GbCYLOVVduHqgzQ7UesxBHT8DvPxyHj0QzgBoopOliijrf/byifO95iBXf/j/P1/
zlnJi7RPfStVc9NGZdsIc2purPWSrOrDjCZSY1wSxUM80+a4lgEXvFAY1hLOZe6N
sO6OHCWM0xgBHCCHq3Q8aVUlaHrkzVGPtxkdPO2hZ7BREiLDX/zd8gcwVVWg4jGi
2TLkRDmfp1WIgXzlWXpAeM2xJj8fPoqh8D0uocAkiH2w/+L2KUjC
</ds:X509Certificate></ds:X509Data></ds:KeyInfo></md:KeyDescriptor><md:SingleLogoutService Binding="urn:oasis:names:tc:SAML:2.0:bindings:HTTP-Redirect" Location="https://yourhost.example.com:8443/protected/saml?o=Q" ResponseLocation="https://yourhost.example.com:8443/protected/saml?o=Q"/><md:SingleLogoutService Binding="urn:oasis:names:tc:SAML:2.0:bindings:SOAP" Location="https://yourhost.example.com:8443/protected/saml?o=S"/><md:ManageNameIDService Binding="urn:oasis:names:tc:SAML:2.0:bindings:HTTP-Redirect" Location="https://yourhost.example.com:8443/protected/saml?o=Q" ResponseLocation="https://yourhost.example.com:8443/protected/saml?o=Q"/><md:ManageNameIDService Binding="urn:oasis:names:tc:SAML:2.0:bindings:SOAP" Location="https://yourhost.example.com:8443/protected/saml?o=S"/><md:NameIDFormat>urn:oasis:names:tc:SAML:2.0:nameid-format:persistent</md:NameIDFormat><md:NameIDFormat>urn:oasis:names:tc:SAML:2.0:nameid-format:transient</md:NameIDFormat><md:AssertionConsumerService Binding="urn:oasis:names:tc:SAML:2.0:bindings:HTTP-Artifact" Location="https://yourhost.example.com:8443/protected/saml" index="1"/><md:AssertionConsumerService Binding="urn:oasis:names:tc:SAML:2.0:bindings:HTTP-POST" Location="https://yourhost.example.com:8443/protected/saml?o=P" index="2"/><md:AssertionConsumerService Binding="urn:oasis:names:tc:SAML:2.0:bindings:SOAP" Location="https://yourhost.example.com:8443/protected/saml?o=S" index="3"/><md:AssertionConsumerService Binding="urn:oasis:names:tc:SAML:2.0:bindings:PAOS" Location="https://yourhost.example.com:8443/protected/saml?o=P" index="4"/><md:AssertionConsumerService Binding="urn:oasis:names:tc:SAML:2.0:bindings:HTTP-POST-SimpleSign" Location="https://yourhost.example.com:8443/protected/saml?o=P" index="5"/><md:AssertionConsumerService Binding="urn:zxid:OAUTH:2.0:bindings:HTTP-Redirect" Location="https://yourhost.example.com:8443/protected/saml?o=O" index="8"/></md:SPSSODescriptor><md:Organization><md:OrganizationName xml:lang="en">Unspecified ORG_NAME conf variable</md:OrganizationName><md:OrganizationDisplayName xml:lang="en">Configuration NICE_NAME: Set this to describe your site to humans, see /var/zxid/zxid.conf</md:OrganizationDisplayName><md:OrganizationURL xml:lang="en">https://example.com/YOUR_BRAND_saml2_icon_150x60.png</md:OrganizationURL></md:Organization><md:ContactPerson contactType="administrative"><md:Company>Your organization</md:Company><md:SurName>Your Name</md:SurName><md:EmailAddress>your@email.com</md:EmailAddress><md:TelephoneNumber> 351918731007</md:TelephoneNumber></md:ContactPerson><md:AdditionalMetadataLocation namespace="#md-authority">https://yourhost.example.com:8443/protected/saml?o=b</md:AdditionalMetadataLocation></md:EntityDescriptor>