{"client_id":"CIdNccRcHx6_QWg_RyD2vdIsvn","client_secret":"CSQiZJBZoo4abc7XDPpUWNMpol","client_id_issued_at":1412959516,"client_secret_expires_at":1413045916,"client_src_ip":"127.0.0.1:-","client_iat":"Bearer foobar-iat","redirect_uris":["https://sp1.please-set-BURL-conf-variable-to-some-useful-site-dep-value.org:8443/zxidhlo?o=oauth_redir"],"token_endpoint_auth_method":"client_secret_post","grant_types":["authorization_code","implicit","password","client_credentials","refresh_token","urn:ietf:params:oauth:grant-type:jwt-bearer","urn:ietf:params:oauth:grant-type:saml2-bearer"],"response_types":["code","token"],"client_name":"Configuration NICE_NAME: Set this to describe your site to humans, see /var/zxid/zxid.conf","client_uri":"client_uri","logo_uri":"https://example.com/YOUR_BRAND_saml2_icon_150x60.png","scope":"read read-write","contacts":["Your organization","Your Name","your@email.com"," 351918731007"],"tos_uri":"tos_uri","policy_uri":"policy_uri","jwks_uri":"https://sp1.please-set-BURL-conf-variable-to-some-useful-site-dep-value.org:8443/zxidhlo?o=jwks","jwks":{"keys":["{"kty":"RSA","use":"sig","n":"sIeeH2k1YZP0bx3eNAFGdHP0TpFjivyKVAlRYar01H5ay6CKrtY-U1RLB6r-p7K2BJ-5on2fbChPAh9a223SmDSelU3_G4kxIwBHJTDanhyuG1h4uv4K1kKsB0RBHCK5Y9dx7hdSbGMEXmDvaF5sHnxQXvJexeNbWuyoNApN6IVSMjx7QtCd1-CvxIi7sPrRGOOWbI3b3KE_tQhm9ySnFwMT5oDaME_ah66httdPwHY7pupGeXn7n0mPgWdzDaiXubifGtuCi0R8351vZLLFe4oCrZEgRoepHfCkY0TcoLd8omyu5vqwYfdVBUEj23RTTLNy-JcBFm5bH8gNcPMOaw==","e":"AQAB","x5c":["MIIEsTCCA5mgAwIBAgIEMltblDANBgkqhkiG9w0BAQQFADCB6zEdMBsGCSqGSIb3
DQEJARYOeW91ckBlbWFpbC5jb20xTDBKBgNVBAMTQ3NwMS5wbGVhc2Utc2V0LUJV
UkwtY29uZi12YXJpYWJsZS10by1zb21lLXVzZWZ1bC1zaXRlLWRlcC12YWx1ZS5v
cmcxIDAeBgNVBAsUF1NTTyBEZXB0IFpYSUQgQXV0by1DZXJ0MSswKQYDVQQKFCJV
bnNwZWNpZmllZCBPUkdfTkFNRSBjb25mIHZhcmlhYmxlMQ8wDQYDVQQHFAZMaXNi
b2ExDzANBgNVBAgUBkxpc2JvYTELMAkGA1UEBhQCUFQwHhcNNzAwMTAxMDAwMDAw
WhcNMzgwMTE5MDMxNDA3WjCB6zEdMBsGCSqGSIb3DQEJARYOeW91ckBlbWFpbC5j
b20xTDBKBgNVBAMTQ3NwMS5wbGVhc2Utc2V0LUJVUkwtY29uZi12YXJpYWJsZS10
by1zb21lLXVzZWZ1bC1zaXRlLWRlcC12YWx1ZS5vcmcxIDAeBgNVBAsUF1NTTyBE
ZXB0IFpYSUQgQXV0by1DZXJ0MSswKQYDVQQKFCJVbnNwZWNpZmllZCBPUkdfTkFN
RSBjb25mIHZhcmlhYmxlMQ8wDQYDVQQHFAZMaXNib2ExDzANBgNVBAgUBkxpc2Jv
YTELMAkGA1UEBhQCUFQwggEiMA0GCSqGSIb3DQEBAQUAA4IBDwAwggEKAoIBAQCw
h54faTVhk/RvHd40AUZ0c/ROkWOK/IpUCVFhqvTUflrLoIqu1j5TVEsHqv6nsrYE
n7mifZ9sKE8CH1rbbdKYNJ6VTf8biTEjAEclMNqeHK4bWHi6/grWQqwHREEcIrlj
13HuF1JsYwReYO9oXmwefFBe8l7F41ta7Kg0Ck3ohVIyPHtC0J3X4K/EiLuw+tEY
45ZsjdvcoT+1CGb3JKcXAxPmgNowT9qHrqG210/Adjum6kZ5efufSY+BZ3MNqJe5
uJ8a24KLRHzfnW9kssV7igKtkSBGh6kd8KRjRNygt3yibK7m+rBh91UFQSPbdFNM
s3L4lwEWblsfyA1w8w5rAgMBAAGjWzBZMA8GA1UdEwQIMAYBAf8CAQMwEQYJYIZI
AYb4QgEBBAQDAgD3MAsGA1UdDwQEAwIB/jAmBglghkgBhvhCAQ0EGRYXQXV0by1D
ZXJ0LCBzZWUgenhpZC5vcmcwDQYJKoZIhvcNAQEEBQADggEBABQqOKMaJpU6Yklc
Qtl4GLopCTNECabk1z0m175MBHf10rvWwFF0wbCORuPiVypKtcGL40Qu4qXgFoLH
0Qnf6PK6oSANcOZn1ExERaL0zJcZQGMXnPtNok+OIvXRcKKcOGZcImuE6HgoOaNI
l6xeIzkuRG1ADvK1LUrP5gIhkClkqTv2CHsuJq19Pzvf+aBYijhovBEiKBu4i1/F
MrmoONLLG2rINbJVSpjuwd8cACqguA2HPZHVaA+3NSmSSUbllIXcIny6tsZWBzAN
8grZ1SRUZEqh8qW5RmRwtuY3jD1/fa/Pf4YYVs2QMae377/ZP0+Tv1yO52zpTMhR
nDEwYN8=
"]}","{"kty":"RSA","use":"enc","n":"1_eZDr1aRQ_Ecy2Z4M12g07-u6ylwZyCQOvuDMr1UOFXWYwsGhgZhbc_CqWgx-dyteoeS5uLj-kkEmHnUJdg1S7ECUXlpxvYURLs0_id87_6_qwKTG3TWPxAU_1KqsiBmH8StVSvVM9w7U8uU_BpwfUUBRJzkDrGoYJR6K7-xQ3cAvt60aPMa01ONx1S2xcjBMQIw7MXoshK4Y7nDpaBzSmS9w0T4dwyDfy6ErIfFRzOe-oF2R_mgRhALg0RBmDI5w1POiOjYcKrUMKJMfFsP0wni91Oj16h81PAIjVAFLr5sgdib1i60SYfmhtWILqMOoCYIc3SZvf71h4zNOQuHQ==","e":"AQAB","x5c":["MIIEsTCCA5mgAwIBAgIEIusZTDANBgkqhkiG9w0BAQQFADCB6zEdMBsGCSqGSIb3
DQEJARYOeW91ckBlbWFpbC5jb20xTDBKBgNVBAMTQ3NwMS5wbGVhc2Utc2V0LUJV
UkwtY29uZi12YXJpYWJsZS10by1zb21lLXVzZWZ1bC1zaXRlLWRlcC12YWx1ZS5v
cmcxIDAeBgNVBAsUF1NTTyBEZXB0IFpYSUQgQXV0by1DZXJ0MSswKQYDVQQKFCJV
bnNwZWNpZmllZCBPUkdfTkFNRSBjb25mIHZhcmlhYmxlMQ8wDQYDVQQHFAZMaXNi
b2ExDzANBgNVBAgUBkxpc2JvYTELMAkGA1UEBhQCUFQwHhcNNzAwMTAxMDAwMDAw
WhcNMzgwMTE5MDMxNDA3WjCB6zEdMBsGCSqGSIb3DQEJARYOeW91ckBlbWFpbC5j
b20xTDBKBgNVBAMTQ3NwMS5wbGVhc2Utc2V0LUJVUkwtY29uZi12YXJpYWJsZS10
by1zb21lLXVzZWZ1bC1zaXRlLWRlcC12YWx1ZS5vcmcxIDAeBgNVBAsUF1NTTyBE
ZXB0IFpYSUQgQXV0by1DZXJ0MSswKQYDVQQKFCJVbnNwZWNpZmllZCBPUkdfTkFN
RSBjb25mIHZhcmlhYmxlMQ8wDQYDVQQHFAZMaXNib2ExDzANBgNVBAgUBkxpc2Jv
YTELMAkGA1UEBhQCUFQwggEiMA0GCSqGSIb3DQEBAQUAA4IBDwAwggEKAoIBAQDX
95kOvVpFD8RzLZngzXaDTv67rKXBnIJA6+4MyvVQ4VdZjCwaGBmFtz8KpaDH53K1
6h5Lm4uP6SQSYedQl2DVLsQJReWnG9hREuzT+J3zv/r+rApMbdNY/EBT/UqqyIGY
fxK1VK9Uz3DtTy5T8GnB9RQFEnOQOsahglHorv7FDdwC+3rRo8xrTU43HVLbFyME
xAjDsxeiyErhjucOloHNKZL3DRPh3DIN/LoSsh8VHM576gXZH+aBGEAuDREGYMjn
DU86I6NhwqtQwokx8Ww/TCeL3U6PXqHzU8AiNUAUuvmyB2JvWLrRJh+aG1Yguow6
gJghzdJm9/vWHjM05C4dAgMBAAGjWzBZMA8GA1UdEwQIMAYBAf8CAQMwEQYJYIZI
AYb4QgEBBAQDAgD3MAsGA1UdDwQEAwIB/jAmBglghkgBhvhCAQ0EGRYXQXV0by1D
ZXJ0LCBzZWUgenhpZC5vcmcwDQYJKoZIhvcNAQEEBQADggEBALctngMY6aP1HqfW
RcTC1BRDIgH3op+QllOryxqftT5hu8azpnm9am8NBVmTBX3w+cru8p9dIkb2FcDj
/7RAcm5GyqNpjjCH+fb/4719Ic7z+MtENrPSGYEsvqTed7buEr6yRw6oAn1/2qgc
14fBmQrcs1cBe8QJlpwnc/8uIB4/6vXiAV0eeK+ml6EcoXhacwn7ykJSl0zOehp3
ff4j9O0/KIRVK6A9JAHn2dWtWUGCbJq3O6A51WtW8JfTqHvVtSQGApeInh+30tII
q249aqdA1NlRz7iFlo2yoKOKMncV8FLlXWCEYhPdEWsfhc62ybfo5OYWIJMKKYY8
y/+6Kak=
"]}"]},"software_id":"ZXID","software_version":"1.30","zxid_rev":"$Id: 1.22 20141009-182332 sampo@ $"}