Content-type: application/x-pkcs7-mime; name="smime.p7m"
Content-transfer-encoding: base64
Content-Disposition: attachment; filename="smime.p7m"

MIIMOgYJKoZIhvcNAQcDoIIMKzCCDCcCAQAxgdAwgc0CAQAwNjAxMRIwEAYDVQQD
EwlKb2UgU21pdGgxGzAZBgkqhkiG9w0BCQEWDGpvZUB0ZXN0LmNvbQIBADANBgkq
hkiG9w0BAQEFAASBgLbOnvMRdCLeEuYyJfX9oyH8F1fe91COTpfS5OFktZ16f7cM
IBh/bfr1Jl7zML6wZosTBDEQXBvwCD8Ewe1kLXiqLfvpxXqrenZzfSPUCNGy9sTw
wLhO/nbPi5WjYIPY2rDbYpkteQ6OmhjM3x/MmY+IakFzYwGjVi3oyzchpA0gMIIL
TQYJKoZIhvcNAQcBMBQGCCqGSIb3DQMHBAjUVsGIs6jg4ICCCygiiokB2b0eXmtN
nn+nGaMXaA7YYOVelgBHgyD2OtYQAwWbNWfU2j09e6sdMvLqqZRqdrA6IJLZwbnL
TSpStMHEkX8S3K2Fh48Tch8CDsLVEo1hrPy7gTe/enO34QImQjMVVVY4OPDBeQv+
QhPDmdgTsrSYeB2gwnZK8Lj9x+zLZYRjSWjhOZuGQCCR9cg5NlpXpEqMx88wS5Br
V78LXQbQ1sxF+BcOFjDKoRQY1qVcuGJBJJ5z1T1Wr9a5cfmtEv5dlWnFtAJoc2yN
1woCkQEJMluHKMvsGiZxEh39a5xOQStm5wSEVU+26p9QbPDZXuV8KmZoh/ZsMvpy
Q/A9iPHCRr0lYPToHQWw8F6JRb3AbCDhrpIpP+habWcEOco3/yKKdwiwjhkwqe7T
hxnQeKHrrONrFuiW+n5h2oale6CdKWF3zFA6KN1BhaG6AljJwU8MXN7MxRn93l3B
rLhqxWyIBYqOPxikCqDIaVqzAEjNK8LqfIshGvYYRY2whmXqVvOP9DHCsyupz+Xm
T1FfTSOy8cGVUSKz5Eg7vG1NkFPpB1JspG3aZ7G8N7DEdIantK8uCokyFHGsFeJv
9DzQA/q6IADEixlqTJ2nKX6QF+xY7Q5eGUPqWixN3tDLgLhR9IA4jAxXLFffFm2u
9aHVhsUJpS6uNT2jKpe1KvYrK6lnrAsdGTQtHABpmTNTf3rPqzWXbUt+RvegoDuQ
RPkK9i5/GMiTQx0FOUpS01l8rC1qdtmSs+JWSHOFWS3I/iEoVphif60bOj5tEpx4
wo5oq/ox3xJwROP/QazJQGtw5rY3+R60N619g4DumU3+d91bDIizjk5vYyUl/1Px
F5o79hHU3ozkNy0SmTfuLfDkQhcDnek/w0cb2PaWKBXiXlTtLOx2DfehkmqEUQBQ
+jgIw7boEA7tRJJ3hNWClUzthVMDMRHcreSzBlE8q5dlLXLxQ8foon/VI1JGqVrh
DYbiqC2XQOcHaGQGgf7CLueHIUzRFbsduLG5sX9aO4V+wvtlnrbr++xtsLZFbMGC
r+3jjj0AZHTxiSQE4kjvHkcvR0KPEDMjZPFub2ohMYxBQQs8oJHSnAjHPAKWVIMj
Ejp/SpEZcmCAUhRPrPbJOIFkSOzU1+EuFJd6xGY7t2tsv52d9HvUNd0AcDNmBFEa
pcOeODI04iURf1U2WV8WntwV67xGz7vMEuUBOKpLZnpLTeDZgFLhgp89Wn4fuiNY
HzzUPco2bQcrh+7JkalkMylW3m13ihty0/KcNkA8InIvEcUM8cFpIOnH6grJwWyg
Vh+s3UVANBSfuE1xxr7kzlBAjvMdUty3XxmeEzD4cuE3EM2jgPd9D4Xqi/zZ6oU2
eiVVChUkrnSFTOlfvFCX/EX6v5q8fXK7DKovW8ENXuD6ULcrhokENFgTb04VjC0D
EARUA1z0d8uPjWk9cinmyHi/+DkoE6HAScQxuVdN99TAE8jWkCJStpJi7XE8Qyge
7ePV2kpRFOwzNEWpiZ94cwj/NyO0f+n3LCcmYzeaAdeW01IvNankP3W2AoFYJ3UL
fCDeRzAAYSXxkF4HKPKs0vAkEKOGJTPy3UeFWezfKo41iszvpq89VofSMIzYUFbL
id4bVTcML8TP2b7xbAN9v4p3FdOGiN++Zkd1B6/HGmO3cV97GOe616H/NPVt2BS+
IiCz6uyeJQgFSh4KgPyv2O1/OMr5nkmVWxNgIqcrAgNLxqn/Twqs6FbVQAmq6qtE
Q0cqZqKF6a+KmkXDvHyRPYwFT3lCgm7RuKuMzzjn8+d6Wcxx/xZWJ8Y7mdrgdk0K
T+pX2/GG0Biynk443d4aJPBlIQzNegE9JNhCZUNWwbhVkJuntsC8GXfm9xks4ftY
GRgUvMDskdICDbY+ewi+dB1KthceFqjtJGpgY7VvTwt3k/t44PNlDpd6KCIZCz6c
4/ZhLYTFvA4qQNOc1ywobqNSCOiIVeVNSfRGH/saLUJ0GC9cjTExwWwS//ICxEax
JtYCm+CFEWNibGoIcpAPxrYrvFOTZPJ/YcWHELsboiezJ7TLYxYMrqObuhI7JKXG
UGdW4MxGs1t6/h4s1kUO8fT08WQ8LKY56qqGXtdtKuHYqsbPZBw0+iqroRcT9Azh
opEUN6NW2ZaYsp4FwKgbBelgQnWTKT6Tq6r/J1le8gW1fEBCNoMqN2G9TWFiuzWE
VY2NUwpgXJAHUxFFVnc657Dd1qF/g8VZz3AIZ1VLlBpw/apjFeBsNsJJdgnZJec+
hU7sx0Yop+RB3mAgqtlvX0FQxMGTTzlN22AvYkCFag5m5gRjTR1k9P1Lr4J/pAln
0gU4JXaixKOeBOPTD6V7esl9zypHAss9ttYJE9MFOIhgd0MbWYLLyJ8/opfLUdae
uZqsIDEgzCJ2fAYy1TOski7GAgVAXmnPhOJ3E+yASmkkk0M7zdTSeePK0ypgGTRN
h7u0BpEM++6yr2g386vVQcHQqPPgyA5Kb1ISVejzsSMJUb4vrUp33Aa74BAJq80O
rLrfwI2lPjCbp9lTAUB82xNnzT3BjPi5zqTHvHaLAskdHc6YYBv6CgPGtYN6pEww
r5jy0UNqCvEsy+WEmKT4+mR/Qug6+GJF3cqTWe1p5XnW63qPYpm9dDJSqxKJZHoI
QmcajhvSqVsDo1lGeV0an8btvRD6WkXzhxhTrlfxXSSWW/9ZE/ls/RwJdzmE5CzY
UucwNjwM4wbBjaY3vem0z0b5gktVk1dwiJW///lcMvX2dsvWijKaVLyBeXJ/EHTV
97ZP5ABTCivk1O7L0PeT0+mSQz0MawBykwe+I7xe3IcJAWG5U3V4EE1z0MMzE2ej
+e+m3gSDRKmWd6ZBbMwEcITOBcuRH4Z5Jlfn9gSlD+8JKV8K9IWRCZzKix/Cs5Ni
OwNhyEvc5w4u1jkZagCa+29tEL8rmn8CNOFArqG0QMjxyDXSWbhJUezseAUFGeOL
dyPSgPkBMDAq3JynD0PjvxZrmtP/8hUK4cGREoZfEDHMcttQAs0kq+hts6KtFlqp
qGmM17o2Ed9PJMFZcdX3RvPdEMkjwjfzjw+mF6NFQD3W26ENtcR0dvnCpbvtE/Yb
x1D2BFhkgBrtBaeXWnjyJoPdfryxJfwE2+ceyX/n7h11XhFTR3SJXS0q4huqdxBd
el4ZANQUwvnLyoRUbUzGGBYvhveSS+VTifISLVysF/SPoFx1/xGQjoQnzQtOAmFA
7eyYPiB5iVkBEpPhzI7dYilH0r9CDzig8dFVIBlE/9pLQSXgbINEzjPCaP5RWfKf
znFe8/W+86CYZb9FkKryoc68+hKJTi/HF8/usR7uwz80e+i1H86PuTw6i8Ukt+BK
RQO4t/4gtYD7ZbCtq4sXdg3VjmB7oporhHi9l9iB5/YQE6Wydepx3m32dZJyfdrl
3J+SzV3Sv6zdUJetDuPKaFyLoGGO0Hnki4eLqxUzX/LBOPNSff4/86ZZthMh4zy5
JRX8dENH5TvN5noa2UbW1dVniLkJFCHa+Mj3bbH0v/f4z3TZHFau2SaXjADFpPhm
1aGO5N83BMwfuuaPMFbLtkPScvDkWVsjrGbzbMdQv2CMLKBHNXB0sdXplBKDUTuh
P14apWTebdp1xCmkfrsYq/l0CzcvnHURQVE3epXiE7MeLHa4Bdm2jSN1P+Tv/VoP
WGYZcWxZvNyh49EKmnWuAv9N4GnykmQarNBw1VJ0sdJWN+BO0Osg2ABPxpdbTE9e
G2NdUgZCcwqPoIZUGGnSOfQfRg3ZKnVhrqf9zXZYivMrcpBiqc15EzbVG6VXVbDi
FvQYMbUBUsHbT/l0EQk=
