Content-type: application/x-pkcs7-mime; name="smime.p7m"
Content-transfer-encoding: base64
Content-Disposition: attachment; filename="smime.p7m"

MIIEugYJKoZIhvcNAQcDoIIEqzCCBKcCAQAxgdAwgc0CAQAwNjAxMRIwEAYDVQQD
EwlKb2UgU21pdGgxGzAZBgkqhkiG9w0BCQEWDGpvZUB0ZXN0LmNvbQIBADANBgkq
hkiG9w0BAQEFAASBgLocx2uPTIhWuSHuiJct8QbwLma0WTDKimdIqZNOoL5VJiof
2Wnoi+g+4EZNFOqspFthdFcOWcz5Bi1TOqOPU5KrMIhyew/v9PUEymaU22WXS9RS
MRMd1YuIYL6m/fqTHX8FElokJqmG9UmTdRk0vh16MvtQ3biuyaYXPqVeMAcdMIID
zQYJKoZIhvcNAQcBMBQGCCqGSIb3DQMHBAjLKjdCSHY6YYCCA6hpfuNekRuHxe65
brng75BHOdHjulDz0cWYd8EHKNSjj1w6yYKzqC6IUsKt/MuMmXffFWP/Uu7SUFSh
QEyQ/qZNgPIkS+slhrTlfkzzrG8Bmqi+W0xvlTCTc039tinndWVieyqfYPMHVG/W
UHFIjJvVZlO+B3ctMQqkpZAFYPjOQXR8MpbFD/rtsby8GuuGoulaPlraqmQi05ad
cKBmJut2SnuZjc9y5ezHxq1L7jYn/SuPCXrE2gvxoK3lAwHMBqqHywfyhzX5PxD1
UvqUo2VPO6NvB0HrOY88lJwz/6xhsvsKkwMGt653emjMWxGV7vndMdOexde0BK2Z
4Bs8c4uMqq8yuLIDryFHqjQFZB6UumwtXpLiho0x6NiUmjnvFiH/bwbT0N/uwxxE
qq9mo4ZfsXy2iYKOR99FIiCFU42ZqsbH9z5WuUKcnpKvZIyBUOYTEphnwCztpqri
fZdtLlWp9HCkukyBl5d8M7qCe5DpW3WwCgcYDCt6nwWS1IFWUd796s5//+RJmEzU
v+zFPBhs/7tPgSvfpHAXHuyREEujQ1Dh84OXGzyHmwqlq3uUd/xOBs8L5/uuKFI+
cafzgZ2SLJGerZ5babxCQoS1OohTMY+gip2AHHknYdCRkv4htWWTWnBTn81luPk0
k9EttvneMjGttSnsLjSB1qTQIw1omSu+33p2iXKOoYxrGRncAnww7UDLnH6My8b7
eBWiaoL3cYcq1YGV6Ox5MFVbgTKdE9IQ+3OTTc60YEnMq7ZfygNhCZ+8VIxocjeJ
k5vBpqAzkpe1nhLwI1gKR21MZzL4ngUiewa5lam76AFiYCWLfZnUhPXUA8KH0FKy
trmryaDAsOgqa3m1TTs//rCXVsorD4y/n0gOoGOZW0P7h30iF0M/vdpOtHnchvgn
4KM5+x9xY9f+drVA5+rRmtMfrsJQAmQyz2uubj7MHZMhf2K5ZH0Af5L0Fl+SpcEU
ytkQD6hTYc+NTJBw/2XSQQ/S/Xl5vB8j0jvS7lkInWvbpW2zIG+K8zbGZiUQQJ3r
RKt8CDrk53tFH6l7uRaIWXB1opjkJdqLmIhPop4J0vEsjy/MFGIXLJyQr05hYm2h
DDwAR7vKl2+EcMZl/O7ub86X95wynJH9YR5/5XcSJ5zflHdOkDlZ9pxTjgvPw6vU
aos5RZS4Z0iz523Zbd4DM7XxEDg5xZDDVHhvtxYdSQuRNf7nbP5yUfAXczFON0M6
VbI5V2tn/Ekee9XQaoE=
